[11:17:54.933][info] [#0:/Users/sisi0808/dotfiles/config/coc/extensions/coc-lua-data/lua-language-server/main.lua:66]: Lua Lsp startup, root: 	/Users/sisi0808/dotfiles/config/coc/extensions/coc-lua-data/lua-language-server
[11:17:54.934][info] [#0:/Users/sisi0808/dotfiles/config/coc/extensions/coc-lua-data/lua-language-server/main.lua:67]: ROOT:	/Users/sisi0808/dotfiles/config/coc/extensions/coc-lua-data/lua-language-server
[11:17:54.934][info] [#0:/Users/sisi0808/dotfiles/config/coc/extensions/coc-lua-data/lua-language-server/main.lua:68]: LOGPATH:	/Users/sisi0808/dotfiles/config/coc/extensions/coc-lua-data/lua-language-server/log
[11:17:54.934][info] [#0:/Users/sisi0808/dotfiles/config/coc/extensions/coc-lua-data/lua-language-server/main.lua:69]: METAPATH:	/Users/sisi0808/dotfiles/config/coc/extensions/coc-lua-data/lua-language-server/meta
[11:17:54.934][info] [#0:/Users/sisi0808/dotfiles/config/coc/extensions/coc-lua-data/lua-language-server/main.lua:70]: VERSION:	3.7.0
[11:17:54.966][info] [#0:script/service/service.lua:144]: 
========= Medical Examination Report =========
    --------------- Memory ---------------
        Total: 2.141 MB
        # 00 : 2.141 MB
        # 01 : 0.000 MB
        # 02 : 0.000 MB
        # 03 : 0.000 MB
        # 04 : 0.000 MB
    --------------- Coroutine ---------------
        Total:     0
        Running:   0
        Suspended: 0
        Normal:    0
        Dead:      0
    --------------- Cache ---------------
        Total: 1
        Dead:  0
    ---------------  RPC  ---------------
        Holdon:   0
        Waiting:  0
==============================================
[11:17:54.970][info] [#0:script/client.lua:657]: Client init	{
  capabilities = {
    general = {
      markdown = {
        parser = "marked",
        version = "4.0.10"
      },
      positionEncodings = { "utf-16" },
      regularExpressions = {
        engine = "ECMAScript",
        version = "ES2020"
      },
      staleRequestSupport = {
        cancel = true,
        retryOnContentModified = { "textDocument/inlayHint", "textDocument/semanticTokens/full", "textDocument/semanticTokens/range", "textDocument/semanticTokens/full/delta" }
      }
    },
    textDocument = {
      callHierarchy = {
        dynamicRegistration = true
      },
      codeAction = {
        codeActionLiteralSupport = {
          codeActionKind = {
            valueSet = { "", "quickfix", "refactor", "refactor.extract", "refactor.inline", "refactor.rewrite", "source", "source.organizeImports" }
          }
        },
        dataSupport = true,
        disabledSupport = true,
        dynamicRegistration = true,
        honorsChangeAnnotations = false,
        isPreferredSupport = true,
        resolveSupport = {
          properties = { "edit" }
        }
      },
      codeLens = {
        dynamicRegistration = true
      },
      colorProvider = {
        dynamicRegistration = true
      },
      completion = {
        completionItem = {
          commitCharactersSupport = true,
          deprecatedSupport = true,
          documentationFormat = { "markdown", "plaintext" },
          insertReplaceSupport = true,
          insertTextModeSupport = {
            valueSet = { 1, 2 }
          },
          labelDetailsSupport = true,
          preselectSupport = true,
          resolveSupport = {
            properties = { "documentation", "detail", "additionalTextEdits" }
          },
          snippetSupport = true,
          tagSupport = {
            valueSet = { 1 }
          }
        },
        completionItemKind = {
          valueSet = { 1, 2, 3, 4, 5, 6, 7, 8, 9, 10, 11, 12, 13, 14, 15, 16, 17, 18, 19, 20, 21, 22, 23, 24, 25 }
        },
        completionList = {
          itemDefaults = { "commitCharacters", "editRange", "insertTextFormat", "insertTextMode" }
        },
        contextSupport = true,
        dynamicRegistration = true,
        insertTextMode = 2
      },
      declaration = {
        dynamicRegistration = true,
        linkSupport = true
      },
      definition = {
        dynamicRegistration = true,
        linkSupport = true
      },
      diagnostic = {
        dynamicRegistration = true,
        relatedDocumentSupport = true
      },
      documentHighlight = {
        dynamicRegistration = true
      },
      documentLink = {
        dynamicRegistration = true,
        tooltipSupport = true
      },
      documentSymbol = {
        dynamicRegistration = true,
        hierarchicalDocumentSymbolSupport = true,
        labelSupport = true,
        symbolKind = {
          valueSet = { 1, 2, 3, 4, 5, 6, 7, 8, 9, 10, 11, 12, 13, 14, 15, 16, 17, 18, 19, 20, 21, 22, 23, 24, 25, 26 }
        },
        tagSupport = {
          valueSet = { 1 }
        }
      },
      foldingRange = {
        dynamicRegistration = true,
        foldingRange = {
          collapsedText = false
        },
        foldingRangeKind = {
          valueSet = { "comment", "imports", "region" }
        },
        lineFoldingOnly = true,
        rangeLimit = 5000
      },
      formatting = {
        dynamicRegistration = true
      },
      hover = {
        contentFormat = { "markdown", "plaintext" },
        dynamicRegistration = true
      },
      implementation = {
        dynamicRegistration = true,
        linkSupport = true
      },
      inlayHint = {
        dynamicRegistration = true,
        resolveSupport = {
          properties = { "tooltip", "textEdits", "label.tooltip", "label.location", "label.command" }
        }
      },
      inlineValue = {
        dynamicRegistration = true
      },
      linkedEditingRange = {
        dynamicRegistration = true
      },
      onTypeFormatting = {
        dynamicRegistration = true
      },
      publishDiagnostics = {
        codeDescriptionSupport = true,
        dataSupport = true,
        relatedInformation = true,
        tagSupport = {
          valueSet = { 1, 2 }
        },
        versionSupport = true
      },
      rangeFormatting = {
        dynamicRegistration = true
      },
      references = {
        dynamicRegistration = true
      },
      rename = {
        dynamicRegistration = true,
        honorsChangeAnnotations = true,
        prepareSupport = true,
        prepareSupportDefaultBehavior = 1
      },
      selectionRange = {
        dynamicRegistration = true
      },
      semanticTokens = {
        augmentsSyntaxTokens = true,
        dynamicRegistration = true,
        formats = { "relative" },
        multilineTokenSupport = false,
        overlappingTokenSupport = false,
        requests = {
          full = {
            delta = true
          },
          range = true
        },
        serverCancelSupport = true,
        tokenModifiers = { "declaration", "definition", "readonly", "static", "deprecated", "abstract", "async", "modification", "documentation", "defaultLibrary" },
        tokenTypes = { "namespace", "type", "class", "enum", "interface", "struct", "typeParameter", "parameter", "variable", "property", "enumMember", "event", "function", "method", "macro", "keyword", "modifier", "comment", "string", "number", "regexp", "decorator", "operator" }
      },
      signatureHelp = {
        contextSupport = true,
        dynamicRegistration = true,
        signatureInformation = {
          activeParameterSupport = true,
          documentationFormat = { "markdown", "plaintext" },
          parameterInformation = {
            labelOffsetSupport = true
          }
        }
      },
      synchronization = {
        didSave = true,
        dynamicRegistration = true,
        willSave = true,
        willSaveWaitUntil = true
      },
      typeDefinition = {
        dynamicRegistration = true,
        linkSupport = true
      },
      typeHierarchy = {
        dynamicRegistration = true
      }
    },
    window = {
      showDocument = {
        support = true
      },
      showMessage = {
        messageActionItem = {
          additionalPropertiesSupport = true
        }
      },
      workDoneProgress = true
    },
    workspace = {
      applyEdit = true,
      codeLens = {
        refreshSupport = true
      },
      configuration = true,
      diagnostics = {
        refreshSupport = true
      },
      didChangeConfiguration = {
        dynamicRegistration = true
      },
      didChangeWatchedFiles = {
        dynamicRegistration = true,
        relativePatternSupport = true
      },
      executeCommand = {
        dynamicRegistration = true
      },
      fileOperations = {
        didCreate = true,
        didDelete = true,
        didRename = true,
        dynamicRegistration = true,
        willCreate = true,
        willDelete = true,
        willRename = true
      },
      inlayHint = {
        refreshSupport = true
      },
      inlineValue = {
        refreshSupport = true
      },
      semanticTokens = {
        refreshSupport = true
      },
      symbol = {
        dynamicRegistration = true,
        resolveSupport = {
          properties = { "location.range" }
        },
        symbolKind = {
          valueSet = { 1, 2, 3, 4, 5, 6, 7, 8, 9, 10, 11, 12, 13, 14, 15, 16, 17, 18, 19, 20, 21, 22, 23, 24, 25, 26 }
        },
        tagSupport = {
          valueSet = { 1 }
        }
      },
      workspaceEdit = {
        changeAnnotationSupport = {
          groupsOnLabel = false
        },
        documentChanges = true,
        failureHandling = "undo",
        normalizesLineEndings = true,
        resourceOperations = { "create", "rename", "delete" }
      },
      workspaceFolders = true
    }
  },
  clientInfo = {
    name = "coc.nvim",
    version = "0.0.82"
  },
  initializationOptions = {
    changeConfiguration = true
  },
  locale = "ja_JP",
  processId = 1801,
  rootPath = "/Users/sisi0808/dotfiles/config/nvim",
  rootUri = "file:///Users/sisi0808/dotfiles/config/nvim",
  trace = "off",
  workDoneToken = "829ff97f-36ef-4f9f-b0dc-993c7752f435"
}
[11:17:54.971][info] [#0:script/language.lua:137]: VSC language: ja_JP
[11:17:54.971][info] [#0:script/language.lua:138]: LS  language: en-us
[11:17:54.971][info] [#0:script/workspace/workspace.lua:38]: Workspace init root: 	file:///Users/sisi0808/dotfiles/config/nvim
[11:17:54.971][info] [#0:script/workspace/workspace.lua:42]: Log path: 	/Users/sisi0808/dotfiles/config/coc/extensions/coc-lua-data/lua-language-server/log/file_Users_sisi0808_dotfiles_config_nvim.log
[11:17:54.971][info] [#0:script/workspace/workspace.lua:48]: Workspace create: 	file:///Users/sisi0808/dotfiles/config/nvim
[11:17:55.179][info] [#0:script/provider/provider.lua:46]: Load config from client	file:///Users/sisi0808/dotfiles/config/nvim
[11:17:55.180][info] [#0:script/provider/provider.lua:47]: {
  Lua = {
    addonManager = {
      enable = true
    },
    codeLens = {
      enable = false
    },
    completion = {
      autoRequire = true,
      callSnippet = "Disable",
      displayContext = 0,
      enable = true,
      keywordSnippet = "Replace",
      postfix = "@",
      requireSeparator = ".",
      showParams = true,
      showWord = "Fallback",
      workspaceWord = true
    },
    diagnostics = {
      disable = {},
      disableScheme = { "git" },
      enable = true,
      globals = {},
      ignoredFiles = "Opened",
      libraryFiles = "Opened",
      unusedLocalExclude = {},
      workspaceDelay = 3000,
      workspaceEvent = "OnSave",
      workspaceRate = 100
    },
    doc = {
      packageName = {},
      privateName = {},
      protectedName = {}
    },
    format = {
      defaultConfig = {},
      enable = true
    },
    hint = {
      arrayIndex = "Auto",
      await = true,
      enable = false,
      paramName = "All",
      paramType = true,
      semicolon = "SameLine",
      setType = false
    },
    hover = {
      enable = true,
      enumsLimit = 5,
      expandAlias = true,
      previewFields = 50,
      viewNumber = true,
      viewString = true,
      viewStringMax = 1000
    },
    misc = {
      executablePath = "",
      parameters = {}
    },
    runtime = {
      fileEncoding = "utf8",
      meta = "${version} ${language} ${encoding}",
      nonstandardSymbol = {},
      path = { "?.lua", "?/init.lua" },
      pathStrict = false,
      plugin = "",
      pluginArgs = {},
      special = {},
      unicodeName = false,
      version = "Lua 5.4"
    },
    semantic = {
      annotation = true,
      enable = true,
      keyword = false,
      variable = true
    },
    signatureHelp = {
      enable = true
    },
    spell = {
      dict = {}
    },
    type = {
      castNumberToInteger = true,
      weakNilCheck = false,
      weakUnionCheck = false
    },
    window = {
      progressBar = true,
      statusBar = true
    },
    workspace = {
      checkThirdParty = true,
      ignoreDir = { ".vscode" },
      ignoreSubmodules = true,
      library = {},
      maxPreload = 5000,
      preloadFileSize = 500,
      useGitIgnore = true,
      userThirdParty = {}
    }
  }
}
[11:17:55.287][info] [#0:script/provider/completion.lua:43]: Enable completion.
[11:17:55.287][info] [#0:script/provider/provider.lua:61]: Load config from client	fallback
[11:17:55.288][info] [#0:script/provider/provider.lua:62]: {
  Lua = {
    addonManager = {
      enable = true
    },
    codeLens = {
      enable = false
    },
    completion = {
      autoRequire = true,
      callSnippet = "Disable",
      displayContext = 0,
      enable = true,
      keywordSnippet = "Replace",
      postfix = "@",
      requireSeparator = ".",
      showParams = true,
      showWord = "Fallback",
      workspaceWord = true
    },
    diagnostics = {
      disable = {},
      disableScheme = { "git" },
      enable = true,
      globals = {},
      ignoredFiles = "Opened",
      libraryFiles = "Opened",
      unusedLocalExclude = {},
      workspaceDelay = 3000,
      workspaceEvent = "OnSave",
      workspaceRate = 100
    },
    doc = {
      packageName = {},
      privateName = {},
      protectedName = {}
    },
    format = {
      defaultConfig = {},
      enable = true
    },
    hint = {
      arrayIndex = "Auto",
      await = true,
      enable = false,
      paramName = "All",
      paramType = true,
      semicolon = "SameLine",
      setType = false
    },
    hover = {
      enable = true,
      enumsLimit = 5,
      expandAlias = true,
      previewFields = 50,
      viewNumber = true,
      viewString = true,
      viewStringMax = 1000
    },
    misc = {
      executablePath = "",
      parameters = {}
    },
    runtime = {
      fileEncoding = "utf8",
      meta = "${version} ${language} ${encoding}",
      nonstandardSymbol = {},
      path = { "?.lua", "?/init.lua" },
      pathStrict = false,
      plugin = "",
      pluginArgs = {},
      special = {},
      unicodeName = false,
      version = "Lua 5.4"
    },
    semantic = {
      annotation = true,
      enable = true,
      keyword = false,
      variable = true
    },
    signatureHelp = {
      enable = true
    },
    spell = {
      dict = {}
    },
    type = {
      castNumberToInteger = true,
      weakNilCheck = false,
      weakUnionCheck = false
    },
    window = {
      progressBar = true,
      statusBar = true
    },
    workspace = {
      checkThirdParty = true,
      ignoreDir = { ".vscode" },
      ignoreSubmodules = true,
      library = {},
      maxPreload = 5000,
      preloadFileSize = 500,
      useGitIgnore = true,
      userThirdParty = {}
    }
  }
}
[11:17:55.493][info] [#0:script/library.lua:212]: Init builtin library at:	file:///Users/sisi0808/dotfiles/config/nvim
[11:17:55.523][info] [#0:script/plugin.lua:86]: plugin path:	/Users/sisi0808/dotfiles/config/nvim
[11:17:55.523][warn] [#0:script/plugin.lua:101]: plugin not found:	/Users/sisi0808/dotfiles/config/nvim
[11:17:55.523][info] [#0:script/library.lua:212]: Init builtin library at:	nil
[11:17:55.640][info] [#0:script/workspace/workspace.lua:324]: Preload start:	file:///Users/sisi0808/dotfiles/config/nvim
[11:17:55.644][info] [#0:script/workspace/workspace.lua:330]: Scan files at:	file:///Users/sisi0808/dotfiles/config/nvim
[11:17:55.647][info] [#0:script/workspace/workspace.lua:324]: Preload start:	<fallback>
[11:17:55.649][info] [#0:script/workspace/workspace.lua:353]: Scan library at:	file:///Users/sisi0808/dotfiles/config/coc/extensions/coc-lua-data/lua-language-server/meta/Lua%205.4%20en-us%20utf8/coroutine.lua
[11:17:55.650][info] [#0:script/workspace/workspace.lua:353]: Scan library at:	file:///Users/sisi0808/dotfiles/config/coc/extensions/coc-lua-data/lua-language-server/meta/Lua%205.4%20en-us%20utf8/string.lua
[11:17:55.650][info] [#0:script/workspace/workspace.lua:353]: Scan library at:	file:///Users/sisi0808/dotfiles/config/coc/extensions/coc-lua-data/lua-language-server/meta/Lua%205.4%20en-us%20utf8/builtin.lua
[11:17:55.650][info] [#0:script/workspace/workspace.lua:353]: Scan library at:	file:///Users/sisi0808/dotfiles/config/coc/extensions/coc-lua-data/lua-language-server/meta/Lua%205.4%20en-us%20utf8/debug.lua
[11:17:55.651][info] [#0:script/workspace/workspace.lua:353]: Scan library at:	file:///Users/sisi0808/dotfiles/config/coc/extensions/coc-lua-data/lua-language-server/meta/Lua%205.4%20en-us%20utf8/table.lua
[11:17:55.651][info] [#0:script/workspace/workspace.lua:353]: Scan library at:	file:///Users/sisi0808/dotfiles/config/coc/extensions/coc-lua-data/lua-language-server/meta/Lua%205.4%20en-us%20utf8/math.lua
[11:17:55.651][info] [#0:script/workspace/workspace.lua:353]: Scan library at:	file:///Users/sisi0808/dotfiles/config/coc/extensions/coc-lua-data/lua-language-server/meta/Lua%205.4%20en-us%20utf8/os.lua
[11:17:55.661][info] [#0:script/workspace/workspace.lua:353]: Scan library at:	file:///Users/sisi0808/dotfiles/config/coc/extensions/coc-lua-data/lua-language-server/meta/Lua%205.4%20en-us%20utf8/package.lua
[11:17:55.661][info] [#0:script/workspace/workspace.lua:353]: Scan library at:	file:///Users/sisi0808/dotfiles/config/coc/extensions/coc-lua-data/lua-language-server/meta/Lua%205.4%20en-us%20utf8/basic.lua
[11:17:55.661][info] [#0:script/workspace/workspace.lua:353]: Scan library at:	file:///Users/sisi0808/dotfiles/config/coc/extensions/coc-lua-data/lua-language-server/meta/Lua%205.4%20en-us%20utf8/utf8.lua
[11:17:55.661][info] [#0:script/workspace/workspace.lua:353]: Scan library at:	file:///Users/sisi0808/dotfiles/config/coc/extensions/coc-lua-data/lua-language-server/meta/Lua%205.4%20en-us%20utf8/io.lua
[11:17:55.662][info] [#0:script/workspace/workspace.lua:353]: Scan library at:	file:///Users/sisi0808/dotfiles/config/coc/extensions/coc-lua-data/lua-language-server/meta/Lua%205.4%20en-us%20utf8/coroutine.lua
[11:17:55.663][info] [#0:script/workspace/workspace.lua:353]: Scan library at:	file:///Users/sisi0808/dotfiles/config/coc/extensions/coc-lua-data/lua-language-server/meta/Lua%205.4%20en-us%20utf8/string.lua
[11:17:55.663][info] [#0:script/workspace/workspace.lua:353]: Scan library at:	file:///Users/sisi0808/dotfiles/config/coc/extensions/coc-lua-data/lua-language-server/meta/Lua%205.4%20en-us%20utf8/builtin.lua
[11:17:55.663][info] [#0:script/workspace/workspace.lua:353]: Scan library at:	file:///Users/sisi0808/dotfiles/config/coc/extensions/coc-lua-data/lua-language-server/meta/Lua%205.4%20en-us%20utf8/debug.lua
[11:17:55.663][info] [#0:script/workspace/workspace.lua:353]: Scan library at:	file:///Users/sisi0808/dotfiles/config/coc/extensions/coc-lua-data/lua-language-server/meta/Lua%205.4%20en-us%20utf8/table.lua
[11:17:55.663][info] [#0:script/workspace/workspace.lua:353]: Scan library at:	file:///Users/sisi0808/dotfiles/config/coc/extensions/coc-lua-data/lua-language-server/meta/Lua%205.4%20en-us%20utf8/math.lua
[11:17:55.663][info] [#0:script/workspace/workspace.lua:353]: Scan library at:	file:///Users/sisi0808/dotfiles/config/coc/extensions/coc-lua-data/lua-language-server/meta/Lua%205.4%20en-us%20utf8/os.lua
[11:17:55.663][info] [#0:script/workspace/workspace.lua:353]: Scan library at:	file:///Users/sisi0808/dotfiles/config/coc/extensions/coc-lua-data/lua-language-server/meta/Lua%205.4%20en-us%20utf8/package.lua
[11:17:55.663][info] [#0:script/workspace/workspace.lua:353]: Scan library at:	file:///Users/sisi0808/dotfiles/config/coc/extensions/coc-lua-data/lua-language-server/meta/Lua%205.4%20en-us%20utf8/basic.lua
[11:17:55.663][info] [#0:script/workspace/workspace.lua:353]: Scan library at:	file:///Users/sisi0808/dotfiles/config/coc/extensions/coc-lua-data/lua-language-server/meta/Lua%205.4%20en-us%20utf8/utf8.lua
[11:17:55.664][info] [#0:script/workspace/workspace.lua:353]: Scan library at:	file:///Users/sisi0808/dotfiles/config/coc/extensions/coc-lua-data/lua-language-server/meta/Lua%205.4%20en-us%20utf8/io.lua
[11:17:55.769][info] [#0:script/workspace/workspace.lua:379]: Found 11 files at:	<fallback>
[11:17:55.769][info] [#0:script/workspace/loading.lua:161]: Load files from disk:	<fallback>
[11:17:55.769][info] [#0:script/workspace/workspace.lua:379]: Found 21 files at:	file:///Users/sisi0808/dotfiles/config/nvim
[11:17:55.769][info] [#0:script/workspace/loading.lua:161]: Load files from disk:	file:///Users/sisi0808/dotfiles/config/nvim
[11:17:55.770][info] [#0:script/workspace/loading.lua:101]: Preload file at: file:///Users/sisi0808/dotfiles/config/coc/extensions/coc-lua-data/lua-language-server/meta/Lua%205.4%20en-us%20utf8/io.lua , size = 6.364 KB
[11:17:55.777][info] [#0:script/workspace/loading.lua:113]: ++++As library of:	file:///Users/sisi0808/dotfiles/config/coc/extensions/coc-lua-data/lua-language-server/meta/Lua%205.4%20en-us%20utf8/io.lua
[11:17:55.777][info] [#0:script/workspace/loading.lua:101]: Preload file at: file:///Users/sisi0808/dotfiles/config/coc/extensions/coc-lua-data/lua-language-server/meta/Lua%205.4%20en-us%20utf8/utf8.lua , size = 2.386 KB
[11:17:55.783][info] [#0:script/workspace/loading.lua:113]: ++++As library of:	file:///Users/sisi0808/dotfiles/config/coc/extensions/coc-lua-data/lua-language-server/meta/Lua%205.4%20en-us%20utf8/utf8.lua
[11:17:55.783][info] [#0:script/workspace/loading.lua:98]: Skip loaded file: file:///Users/sisi0808/dotfiles/config/coc/extensions/coc-lua-data/lua-language-server/meta/Lua%205.4%20en-us%20utf8/io.lua
[11:17:55.783][info] [#0:script/workspace/loading.lua:98]: Skip loaded file: file:///Users/sisi0808/dotfiles/config/coc/extensions/coc-lua-data/lua-language-server/meta/Lua%205.4%20en-us%20utf8/utf8.lua
[11:17:55.783][info] [#0:script/workspace/loading.lua:101]: Preload file at: file:///Users/sisi0808/dotfiles/config/coc/extensions/coc-lua-data/lua-language-server/meta/Lua%205.4%20en-us%20utf8/basic.lua , size = 15.336 KB
[11:17:55.795][info] [#0:script/workspace/loading.lua:113]: ++++As library of:	file:///Users/sisi0808/dotfiles/config/coc/extensions/coc-lua-data/lua-language-server/meta/Lua%205.4%20en-us%20utf8/basic.lua
[11:17:55.795][info] [#0:script/workspace/loading.lua:101]: Preload file at: file:///Users/sisi0808/dotfiles/config/coc/extensions/coc-lua-data/lua-language-server/meta/Lua%205.4%20en-us%20utf8/package.lua , size = 2.944 KB
[11:17:55.798][info] [#0:script/workspace/loading.lua:113]: ++++As library of:	file:///Users/sisi0808/dotfiles/config/coc/extensions/coc-lua-data/lua-language-server/meta/Lua%205.4%20en-us%20utf8/package.lua
[11:17:55.798][info] [#0:script/workspace/loading.lua:98]: Skip loaded file: file:///Users/sisi0808/dotfiles/config/coc/extensions/coc-lua-data/lua-language-server/meta/Lua%205.4%20en-us%20utf8/package.lua
[11:17:55.798][info] [#0:script/workspace/loading.lua:98]: Skip loaded file: file:///Users/sisi0808/dotfiles/config/coc/extensions/coc-lua-data/lua-language-server/meta/Lua%205.4%20en-us%20utf8/basic.lua
[11:17:55.798][info] [#0:script/workspace/loading.lua:101]: Preload file at: file:///Users/sisi0808/dotfiles/config/coc/extensions/coc-lua-data/lua-language-server/meta/Lua%205.4%20en-us%20utf8/os.lua , size = 5.600 KB
[11:17:55.802][info] [#0:script/workspace/loading.lua:113]: ++++As library of:	file:///Users/sisi0808/dotfiles/config/coc/extensions/coc-lua-data/lua-language-server/meta/Lua%205.4%20en-us%20utf8/os.lua
[11:17:55.802][info] [#0:script/workspace/loading.lua:98]: Skip loaded file: file:///Users/sisi0808/dotfiles/config/coc/extensions/coc-lua-data/lua-language-server/meta/Lua%205.4%20en-us%20utf8/os.lua
[11:17:55.802][info] [#0:script/workspace/loading.lua:101]: Preload file at: file:///Users/sisi0808/dotfiles/config/coc/extensions/coc-lua-data/lua-language-server/meta/Lua%205.4%20en-us%20utf8/math.lua , size = 8.509 KB
[11:17:55.807][info] [#0:script/workspace/loading.lua:113]: ++++As library of:	file:///Users/sisi0808/dotfiles/config/coc/extensions/coc-lua-data/lua-language-server/meta/Lua%205.4%20en-us%20utf8/math.lua
[11:17:55.807][info] [#0:script/workspace/loading.lua:98]: Skip loaded file: file:///Users/sisi0808/dotfiles/config/coc/extensions/coc-lua-data/lua-language-server/meta/Lua%205.4%20en-us%20utf8/math.lua
[11:17:55.807][info] [#0:script/workspace/loading.lua:101]: Preload file at: file:///Users/sisi0808/dotfiles/config/coc/extensions/coc-lua-data/lua-language-server/meta/Lua%205.4%20en-us%20utf8/table.lua , size = 4.230 KB
[11:17:55.810][info] [#0:script/workspace/loading.lua:113]: ++++As library of:	file:///Users/sisi0808/dotfiles/config/coc/extensions/coc-lua-data/lua-language-server/meta/Lua%205.4%20en-us%20utf8/table.lua
[11:17:55.810][info] [#0:script/workspace/loading.lua:98]: Skip loaded file: file:///Users/sisi0808/dotfiles/config/coc/extensions/coc-lua-data/lua-language-server/meta/Lua%205.4%20en-us%20utf8/table.lua
[11:17:55.810][info] [#0:script/workspace/loading.lua:101]: Preload file at: file:///Users/sisi0808/dotfiles/config/coc/extensions/coc-lua-data/lua-language-server/meta/Lua%205.4%20en-us%20utf8/debug.lua , size = 7.637 KB
[11:17:55.816][info] [#0:script/workspace/loading.lua:113]: ++++As library of:	file:///Users/sisi0808/dotfiles/config/coc/extensions/coc-lua-data/lua-language-server/meta/Lua%205.4%20en-us%20utf8/debug.lua
[11:17:55.816][info] [#0:script/workspace/loading.lua:98]: Skip loaded file: file:///Users/sisi0808/dotfiles/config/coc/extensions/coc-lua-data/lua-language-server/meta/Lua%205.4%20en-us%20utf8/debug.lua
[11:17:55.816][info] [#0:script/workspace/loading.lua:101]: Preload file at: file:///Users/sisi0808/dotfiles/config/coc/extensions/coc-lua-data/lua-language-server/meta/Lua%205.4%20en-us%20utf8/builtin.lua , size = 0.302 KB
[11:17:55.816][info] [#0:script/workspace/loading.lua:113]: ++++As library of:	file:///Users/sisi0808/dotfiles/config/coc/extensions/coc-lua-data/lua-language-server/meta/Lua%205.4%20en-us%20utf8/builtin.lua
[11:17:55.816][info] [#0:script/workspace/loading.lua:98]: Skip loaded file: file:///Users/sisi0808/dotfiles/config/coc/extensions/coc-lua-data/lua-language-server/meta/Lua%205.4%20en-us%20utf8/builtin.lua
[11:17:55.816][info] [#0:script/workspace/loading.lua:101]: Preload file at: file:///Users/sisi0808/dotfiles/config/coc/extensions/coc-lua-data/lua-language-server/meta/Lua%205.4%20en-us%20utf8/string.lua , size = 6.341 KB
[11:17:55.819][info] [#0:script/workspace/loading.lua:113]: ++++As library of:	file:///Users/sisi0808/dotfiles/config/coc/extensions/coc-lua-data/lua-language-server/meta/Lua%205.4%20en-us%20utf8/string.lua
[11:17:55.819][info] [#0:script/workspace/loading.lua:98]: Skip loaded file: file:///Users/sisi0808/dotfiles/config/coc/extensions/coc-lua-data/lua-language-server/meta/Lua%205.4%20en-us%20utf8/string.lua
[11:17:55.819][info] [#0:script/workspace/loading.lua:101]: Preload file at: file:///Users/sisi0808/dotfiles/config/coc/extensions/coc-lua-data/lua-language-server/meta/Lua%205.4%20en-us%20utf8/coroutine.lua , size = 2.590 KB
[11:17:55.821][info] [#0:script/workspace/loading.lua:113]: ++++As library of:	file:///Users/sisi0808/dotfiles/config/coc/extensions/coc-lua-data/lua-language-server/meta/Lua%205.4%20en-us%20utf8/coroutine.lua
[11:17:55.821][info] [#0:script/workspace/loading.lua:98]: Skip loaded file: file:///Users/sisi0808/dotfiles/config/coc/extensions/coc-lua-data/lua-language-server/meta/Lua%205.4%20en-us%20utf8/coroutine.lua
[11:17:55.821][info] [#0:script/workspace/loading.lua:101]: Preload file at: file:///Users/sisi0808/dotfiles/config/nvim/init.lua , size = 0.071 KB
[11:17:55.821][info] [#0:script/workspace/loading.lua:101]: Preload file at: file:///Users/sisi0808/dotfiles/config/nvim/undo/%25Users%25sisi0808%25dotfiles%25config%25nvim%25_init.lua , size = 5.569 KB
[11:17:55.822][info] [#0:script/workspace/loading.lua:101]: Preload file at: file:///Users/sisi0808/dotfiles/config/nvim/undo/%25Users%25sisi0808%25dotfiles%25config%25nvim%25lua%25options.lua , size = 1.126 KB
[11:17:55.822][info] [#0:script/workspace/loading.lua:101]: Preload file at: file:///Users/sisi0808/dotfiles/config/nvim/undo/%25Users%25sisi0808%25dotfiles%25config%25nvim%25lua%25keymaps.lua , size = 21.694 KB
[11:17:55.825][info] [#0:script/workspace/loading.lua:101]: Preload file at: file:///Users/sisi0808/dotfiles/config/nvim/undo/%25Users%25sisi0808%25dotfiles%25config%25nvim%25lua%25base.lua , size = 7.383 KB
[11:17:55.826][info] [#0:script/workspace/loading.lua:101]: Preload file at: file:///Users/sisi0808/dotfiles/config/nvim/lua/keymaps.lua , size = 1.705 KB
[11:17:55.827][info] [#0:script/workspace/loading.lua:101]: Preload file at: file:///Users/sisi0808/dotfiles/config/nvim/lua/base.lua , size = 0.384 KB
[11:17:55.827][info] [#0:script/workspace/loading.lua:101]: Preload file at: file:///Users/sisi0808/dotfiles/config/nvim/lua/plugins.lua , size = 19.795 KB
[11:17:55.834][info] [#0:script/workspace/loading.lua:101]: Preload file at: file:///Users/sisi0808/dotfiles/config/nvim/lua/colorsheme.lua , size = 0.000 KB
[11:17:55.834][info] [#0:script/workspace/loading.lua:101]: Preload file at: file:///Users/sisi0808/dotfiles/config/nvim/lua/options.lua , size = 1.718 KB
[11:17:55.940][info] [#0:script/workspace/loading.lua:173]: Loaded files takes [0.070] sec: <fallback>
[11:17:55.940][info] [#0:script/workspace/loading.lua:182]: Compile files takes [0.000] sec: <fallback>
[11:17:55.940][info] [#0:script/workspace/loading.lua:183]: Loaded finish:	<fallback>
[11:17:55.940][info] [#0:script/workspace/workspace.lua:381]: Preload finish at:	<fallback>
[11:17:55.952][info] [#0:script/workspace/loading.lua:173]: Loaded files takes [0.082] sec: file:///Users/sisi0808/dotfiles/config/nvim
[11:17:55.952][info] [#0:script/workspace/loading.lua:182]: Compile files takes [0.000] sec: file:///Users/sisi0808/dotfiles/config/nvim
[11:17:55.952][info] [#0:script/workspace/loading.lua:183]: Loaded finish:	file:///Users/sisi0808/dotfiles/config/nvim
[11:17:55.952][info] [#0:script/workspace/workspace.lua:381]: Preload finish at:	file:///Users/sisi0808/dotfiles/config/nvim
[11:17:55.955][warn] [#0:script/proto/proto.lua:138]: Response of [workspace/diagnostic/refresh] error [-32601]: Unhandled method workspace/diagnostic/refresh
[11:17:55.955][info] [#0:script/provider/diagnostic.lua:557]: Diagnostics scope [file:///Users/sisi0808/dotfiles/config/nvim], files count:[21]
[11:17:55.955][warn] [#0:script/proto/proto.lua:138]: Response of [workspace/diagnostic/refresh] error [-32601]: Unhandled method workspace/diagnostic/refresh
[11:17:55.985][error][#0]: script/encoder/utf16.lua:66: invalid UTF-8 code
stack traceback:
	[C]: in upvalue '_utf8byte'
	script/encoder/utf16.lua:66: in upvalue 'utf8byte'
	script/encoder/utf16.lua:86: in for iterator 'for iterator'
	script/encoder/utf16.lua:140: in field 'fromutf8'
	script/encoder/init.lua:21: in function 'encoder.len'
	script/proto/converter.lua:35: in function <script/proto/converter.lua:25>
	(...tail calls...)
	script/proto/converter.lua:141: in function 'proto.converter.packRange'
	script/provider/diagnostic.lua:113: in upvalue 'buildDiagnostic'
	script/provider/diagnostic.lua:335: in upvalue 'response'
	script/core/diagnostics/init.lua:132: in upvalue 'callback'
	script/core/diagnostics/undefined-global.lua:32: in local 'callback'
	script/parser/guide.lua:735: in function 'parser.guide.eachSourceType'
	script/core/diagnostics/undefined-global.lua:24: in function 'core.diagnostics.undefined-global'
	script/core/diagnostics/init.lua:118: in upvalue 'check'
	script/core/diagnostics/init.lua:179: in function 'core.diagnostics'
	[C]: in function 'xpcall'
	script/provider/diagnostic.lua:334: in function 'provider.diagnostic.doDiagnostic'
	[C]: in function 'xpcall'
	script/provider/diagnostic.lua:595: in local 'callback'
	script/provider/diagnostic.lua:566: in function 'provider.diagnostic.awaitDiagnosticsScope'
	script/provider/diagnostic.lua:594: in function <script/provider/diagnostic.lua:592>
[11:17:55.986][error][#0]: script/encoder/utf16.lua:66: invalid UTF-8 code
stack traceback:
	[C]: in upvalue '_utf8byte'
	script/encoder/utf16.lua:66: in upvalue 'utf8byte'
	script/encoder/utf16.lua:86: in for iterator 'for iterator'
	script/encoder/utf16.lua:140: in field 'fromutf8'
	script/encoder/init.lua:21: in function 'encoder.len'
	script/proto/converter.lua:35: in function <script/proto/converter.lua:25>
	(...tail calls...)
	script/proto/converter.lua:141: in function 'proto.converter.packRange'
	script/provider/diagnostic.lua:113: in upvalue 'buildDiagnostic'
	script/provider/diagnostic.lua:335: in upvalue 'response'
	script/core/diagnostics/init.lua:132: in upvalue 'callback'
	script/core/diagnostics/undefined-global.lua:32: in local 'callback'
	script/parser/guide.lua:735: in function 'parser.guide.eachSourceType'
	script/core/diagnostics/undefined-global.lua:24: in function 'core.diagnostics.undefined-global'
	script/core/diagnostics/init.lua:118: in upvalue 'check'
	script/core/diagnostics/init.lua:179: in function 'core.diagnostics'
	[C]: in function 'xpcall'
	script/provider/diagnostic.lua:334: in function 'provider.diagnostic.doDiagnostic'
	[C]: in function 'xpcall'
	script/provider/diagnostic.lua:595: in local 'callback'
	script/provider/diagnostic.lua:566: in function 'provider.diagnostic.awaitDiagnosticsScope'
	script/provider/diagnostic.lua:594: in function <script/provider/diagnostic.lua:592>
[11:17:55.988][error][#0]: script/encoder/utf16.lua:66: invalid UTF-8 code
stack traceback:
	[C]: in upvalue '_utf8byte'
	script/encoder/utf16.lua:66: in upvalue 'utf8byte'
	script/encoder/utf16.lua:86: in for iterator 'for iterator'
	script/encoder/utf16.lua:140: in field 'fromutf8'
	script/encoder/init.lua:21: in function 'encoder.len'
	script/proto/converter.lua:35: in function <script/proto/converter.lua:25>
	(...tail calls...)
	script/proto/converter.lua:141: in function 'proto.converter.packRange'
	script/provider/diagnostic.lua:113: in upvalue 'buildDiagnostic'
	script/provider/diagnostic.lua:335: in upvalue 'response'
	script/core/diagnostics/init.lua:132: in upvalue 'callback'
	script/core/diagnostics/undefined-global.lua:32: in local 'callback'
	script/parser/guide.lua:735: in function 'parser.guide.eachSourceType'
	script/core/diagnostics/undefined-global.lua:24: in function 'core.diagnostics.undefined-global'
	script/core/diagnostics/init.lua:118: in upvalue 'check'
	script/core/diagnostics/init.lua:179: in function 'core.diagnostics'
	[C]: in function 'xpcall'
	script/provider/diagnostic.lua:334: in function 'provider.diagnostic.doDiagnostic'
	[C]: in function 'xpcall'
	script/provider/diagnostic.lua:595: in local 'callback'
	script/provider/diagnostic.lua:566: in function 'provider.diagnostic.awaitDiagnosticsScope'
	script/provider/diagnostic.lua:594: in function <script/provider/diagnostic.lua:592>
[11:17:55.989][error][#0]: script/encoder/utf16.lua:66: invalid UTF-8 code
stack traceback:
	[C]: in upvalue '_utf8byte'
	script/encoder/utf16.lua:66: in upvalue 'utf8byte'
	script/encoder/utf16.lua:86: in for iterator 'for iterator'
	script/encoder/utf16.lua:140: in field 'fromutf8'
	script/encoder/init.lua:21: in function 'encoder.len'
	script/proto/converter.lua:35: in function <script/proto/converter.lua:25>
	(...tail calls...)
	script/proto/converter.lua:141: in function 'proto.converter.packRange'
	script/provider/diagnostic.lua:113: in upvalue 'buildDiagnostic'
	script/provider/diagnostic.lua:335: in upvalue 'response'
	script/core/diagnostics/init.lua:132: in upvalue 'callback'
	script/core/diagnostics/undefined-global.lua:32: in local 'callback'
	script/parser/guide.lua:735: in function 'parser.guide.eachSourceType'
	script/core/diagnostics/undefined-global.lua:24: in function 'core.diagnostics.undefined-global'
	script/core/diagnostics/init.lua:118: in upvalue 'check'
	script/core/diagnostics/init.lua:179: in function 'core.diagnostics'
	[C]: in function 'xpcall'
	script/provider/diagnostic.lua:334: in function 'provider.diagnostic.doDiagnostic'
	[C]: in function 'xpcall'
	script/provider/diagnostic.lua:595: in local 'callback'
	script/provider/diagnostic.lua:566: in function 'provider.diagnostic.awaitDiagnosticsScope'
	script/provider/diagnostic.lua:594: in function <script/provider/diagnostic.lua:592>
[11:17:55.989][info] [#0:script/provider/diagnostic.lua:574]: Diagnostics scope [file:///Users/sisi0808/dotfiles/config/nvim] finished, takes [0.034] sec.
[11:18:04.608][info] [#0:script/provider/provider.lua:46]: Load config from client	file:///Users/sisi0808/dotfiles/config/nvim
[11:18:04.609][info] [#0:script/provider/provider.lua:47]: {
  Lua = {
    addonManager = {
      enable = true
    },
    codeLens = {
      enable = false
    },
    completion = {
      autoRequire = true,
      callSnippet = "Disable",
      displayContext = 0,
      enable = true,
      keywordSnippet = "Replace",
      postfix = "@",
      requireSeparator = ".",
      showParams = true,
      showWord = "Fallback",
      workspaceWord = true
    },
    diagnostics = {
      disable = {},
      disableScheme = { "git" },
      enable = true,
      globals = {},
      ignoredFiles = "Opened",
      libraryFiles = "Opened",
      unusedLocalExclude = {},
      workspaceDelay = 3000,
      workspaceEvent = "OnSave",
      workspaceRate = 100
    },
    doc = {
      packageName = {},
      privateName = {},
      protectedName = {}
    },
    format = {
      defaultConfig = {},
      enable = true
    },
    hint = {
      arrayIndex = "Auto",
      await = true,
      enable = false,
      paramName = "All",
      paramType = true,
      semicolon = "SameLine",
      setType = false
    },
    hover = {
      enable = true,
      enumsLimit = 5,
      expandAlias = true,
      previewFields = 50,
      viewNumber = true,
      viewString = true,
      viewStringMax = 1000
    },
    misc = {
      executablePath = "",
      parameters = {}
    },
    runtime = {
      fileEncoding = "utf8",
      meta = "${version} ${language} ${encoding}",
      nonstandardSymbol = {},
      path = { "?.lua", "?/init.lua" },
      pathStrict = false,
      plugin = "",
      pluginArgs = {},
      special = {},
      unicodeName = false,
      version = "Lua 5.4"
    },
    semantic = {
      annotation = true,
      enable = true,
      keyword = false,
      variable = true
    },
    signatureHelp = {
      enable = true
    },
    spell = {
      dict = {}
    },
    type = {
      castNumberToInteger = true,
      weakNilCheck = false,
      weakUnionCheck = false
    },
    window = {
      progressBar = true,
      statusBar = true
    },
    workspace = {
      checkThirdParty = true,
      ignoreDir = { ".vscode" },
      ignoreSubmodules = true,
      library = {},
      maxPreload = 5000,
      preloadFileSize = 500,
      useGitIgnore = true,
      userThirdParty = {}
    }
  }
}
[11:18:04.731][info] [#0:script/provider/provider.lua:61]: Load config from client	fallback
[11:18:04.732][info] [#0:script/provider/provider.lua:62]: {
  Lua = {
    addonManager = {
      enable = true
    },
    codeLens = {
      enable = false
    },
    completion = {
      autoRequire = true,
      callSnippet = "Disable",
      displayContext = 0,
      enable = true,
      keywordSnippet = "Replace",
      postfix = "@",
      requireSeparator = ".",
      showParams = true,
      showWord = "Fallback",
      workspaceWord = true
    },
    diagnostics = {
      disable = {},
      disableScheme = { "git" },
      enable = true,
      globals = {},
      ignoredFiles = "Opened",
      libraryFiles = "Opened",
      unusedLocalExclude = {},
      workspaceDelay = 3000,
      workspaceEvent = "OnSave",
      workspaceRate = 100
    },
    doc = {
      packageName = {},
      privateName = {},
      protectedName = {}
    },
    format = {
      defaultConfig = {},
      enable = true
    },
    hint = {
      arrayIndex = "Auto",
      await = true,
      enable = false,
      paramName = "All",
      paramType = true,
      semicolon = "SameLine",
      setType = false
    },
    hover = {
      enable = true,
      enumsLimit = 5,
      expandAlias = true,
      previewFields = 50,
      viewNumber = true,
      viewString = true,
      viewStringMax = 1000
    },
    misc = {
      executablePath = "",
      parameters = {}
    },
    runtime = {
      fileEncoding = "utf8",
      meta = "${version} ${language} ${encoding}",
      nonstandardSymbol = {},
      path = { "?.lua", "?/init.lua" },
      pathStrict = false,
      plugin = "",
      pluginArgs = {},
      special = {},
      unicodeName = false,
      version = "Lua 5.4"
    },
    semantic = {
      annotation = true,
      enable = true,
      keyword = false,
      variable = true
    },
    signatureHelp = {
      enable = true
    },
    spell = {
      dict = {}
    },
    type = {
      castNumberToInteger = true,
      weakNilCheck = false,
      weakUnionCheck = false
    },
    window = {
      progressBar = true,
      statusBar = true
    },
    workspace = {
      checkThirdParty = true,
      ignoreDir = { ".vscode" },
      ignoreSubmodules = true,
      library = {},
      maxPreload = 5000,
      preloadFileSize = 500,
      useGitIgnore = true,
      userThirdParty = {}
    }
  }
}
[11:27:55.009][info] [#0:script/service/service.lua:144]: 
========= Medical Examination Report =========
    --------------- Memory ---------------
        Total: 11.487 MB
        # 00 : 11.065 MB
        # 01 : 0.146 MB
        # 02 : 0.052 MB
        # 03 : 0.171 MB
        # 04 : 0.052 MB
    --------------- Coroutine ---------------
        Total:     253
        Running:   0
        Suspended: 0
        Normal:    0
        Dead:      253
    --------------- Cache ---------------
        Total: 1
        Dead:  0
    ---------------  RPC  ---------------
        Holdon:   0
        Waiting:  0
==============================================
[11:37:55.107][info] [#0:script/service/service.lua:144]: 
========= Medical Examination Report =========
    --------------- Memory ---------------
        Total: 12.168 MB
        # 00 : 11.746 MB
        # 01 : 0.146 MB
        # 02 : 0.052 MB
        # 03 : 0.171 MB
        # 04 : 0.052 MB
    --------------- Coroutine ---------------
        Total:     253
        Running:   0
        Suspended: 0
        Normal:    0
        Dead:      253
    --------------- Cache ---------------
        Total: 1
        Dead:  0
    ---------------  RPC  ---------------
        Holdon:   0
        Waiting:  0
==============================================
